INFO: [VRFC 10-2263] Analyzing Verilog file "C:/Users/user/project_7/project_7.srcs/sources_1/new/ALLLU.v" into library xil_defaultlib
INFO: [VRFC 10-311] analyzing module ALLLU
INFO: [VRFC 10-2263] Analyzing Verilog file "C:/Users/user/project_7/project_7.srcs/sources_1/new/DFF.v" into library xil_defaultlib
INFO: [VRFC 10-311] analyzing module DFF
INFO: [VRFC 10-2263] Analyzing Verilog file "C:/Users/user/project_7/project_7.srcs/sources_1/new/control_unit.v" into library xil_defaultlib
INFO: [VRFC 10-311] analyzing module control_unit
INFO: [VRFC 10-2263] Analyzing Verilog file "C:/Users/user/project_7/project_7.srcs/sources_1/new/datapath_with_control_unit.v" into library xil_defaultlib
INFO: [VRFC 10-311] analyzing module datapath_with_control_unit
INFO: [VRFC 10-2263] Analyzing Verilog file "C:/Users/user/project_7/project_7.srcs/sources_1/new/decoder_3x8.v" into library xil_defaultlib
INFO: [VRFC 10-311] analyzing module decoder_3x8
INFO: [VRFC 10-2263] Analyzing Verilog file "C:/Users/user/project_7/project_7.srcs/sources_1/new/memory.v" into library xil_defaultlib
INFO: [VRFC 10-311] analyzing module memory
INFO: [VRFC 10-2263] Analyzing Verilog file "C:/Users/user/project_7/project_7.srcs/sources_1/new/opcode_decoder.v" into library xil_defaultlib
INFO: [VRFC 10-311] analyzing module opcode_decoder
INFO: [VRFC 10-2263] Analyzing Verilog file "C:/Users/user/project_7/project_7.srcs/sources_1/new/register.v" into library xil_defaultlib
INFO: [VRFC 10-311] analyzing module register
INFO: [VRFC 10-2263] Analyzing Verilog file "C:/Users/user/project_7/project_7.srcs/sources_1/new/sequential_counter.v" into library xil_defaultlib
INFO: [VRFC 10-311] analyzing module sequential_counter
INFO: [VRFC 10-2263] Analyzing Verilog file "C:/Users/user/project_7/project_7.srcs/sources_1/new/signals.v" into library xil_defaultlib
INFO: [VRFC 10-311] analyzing module signals
INFO: [VRFC 10-2263] Analyzing Verilog file "C:/Users/user/project_7/project_7.srcs/sim_1/new/final_tb.v" into library xil_defaultlib
INFO: [VRFC 10-311] analyzing module final_tb
